c:\users\alank\documents\cameraapp\out\build\visual studio build tools 2022 release - amd64\cameraapp.dir\debug\vc143.pdb
c:\users\alank\documents\cameraapp\out\build\visual studio build tools 2022 release - amd64\cameraapp.dir\debug\messagedefine.obj
c:\users\alank\documents\cameraapp\out\build\visual studio build tools 2022 release - amd64\cameraapp.dir\debug\text.obj
c:\users\alank\documents\cameraapp\out\build\visual studio build tools 2022 release - amd64\cameraapp.dir\debug\propertyvaluetable.obj
c:\users\alank\documents\cameraapp\out\build\visual studio build tools 2022 release - amd64\cameraapp.dir\debug\connectioninfo.obj
c:\users\alank\documents\cameraapp\out\build\visual studio build tools 2022 release - amd64\cameraapp.dir\debug\cameradevice.obj
c:\users\alank\documents\cameraapp\out\build\visual studio build tools 2022 release - amd64\cameraapp.dir\debug\main.obj
c:\users\alank\documents\cameraapp\out\build\visual studio build tools 2022 release - amd64\cmakefiles\generate.stamp
c:\users\alank\documents\cameraapp\out\build\visual studio build tools 2022 release - amd64\debug\cameraapp.exe
c:\users\alank\documents\cameraapp\out\build\visual studio build tools 2022 release - amd64\debug\cameraapp.pdb
c:\users\alank\documents\cameraapp\out\build\visual studio build tools 2022 release - amd64\cameraapp.dir\debug\cameraapp.ilk
c:\users\alank\documents\cameraapp\out\build\visual studio build tools 2022 release - amd64\cameraapp.dir\debug\cameraapp.tlog\cl.command.1.tlog
c:\users\alank\documents\cameraapp\out\build\visual studio build tools 2022 release - amd64\cameraapp.dir\debug\cameraapp.tlog\cl.items.tlog
c:\users\alank\documents\cameraapp\out\build\visual studio build tools 2022 release - amd64\cameraapp.dir\debug\cameraapp.tlog\cl.read.1.tlog
c:\users\alank\documents\cameraapp\out\build\visual studio build tools 2022 release - amd64\cameraapp.dir\debug\cameraapp.tlog\cl.write.1.tlog
c:\users\alank\documents\cameraapp\out\build\visual studio build tools 2022 release - amd64\cameraapp.dir\debug\cameraapp.tlog\custombuild.command.1.tlog
c:\users\alank\documents\cameraapp\out\build\visual studio build tools 2022 release - amd64\cameraapp.dir\debug\cameraapp.tlog\custombuild.read.1.tlog
c:\users\alank\documents\cameraapp\out\build\visual studio build tools 2022 release - amd64\cameraapp.dir\debug\cameraapp.tlog\custombuild.write.1.tlog
c:\users\alank\documents\cameraapp\out\build\visual studio build tools 2022 release - amd64\cameraapp.dir\debug\cameraapp.tlog\link.command.1.tlog
c:\users\alank\documents\cameraapp\out\build\visual studio build tools 2022 release - amd64\cameraapp.dir\debug\cameraapp.tlog\link.read.1.tlog
c:\users\alank\documents\cameraapp\out\build\visual studio build tools 2022 release - amd64\cameraapp.dir\debug\cameraapp.tlog\link.secondary.1.tlog
c:\users\alank\documents\cameraapp\out\build\visual studio build tools 2022 release - amd64\cameraapp.dir\debug\cameraapp.tlog\link.write.1.tlog
